<?xml version="1.0" encoding="UTF-8" ?>
<testsuite tests="5" failures="0" name="com.yousha.algo1.unionfind.UF_quickTest" time="0.002" errors="0" skipped="0">
  <properties>
[...]
</properties>
  <testcase classname="com.yousha.algo1.unionfind.UF_quickTest" name="com.yousha.algo1.unionfind.UF_quickTest.testInitializeArray" time="0.001"/>
  <testcase classname="com.yousha.algo1.unionfind.UF_quickTest" name="com.yousha.algo1.unionfind.UF_quickTest.testConnected" time="0.001"/>
  <testcase classname="com.yousha.algo1.unionfind.UF_quickTest" name="com.yousha.algo1.unionfind.UF_quickTest.testPrintIds" time="0"/>
  <testcase classname="com.yousha.algo1.unionfind.UF_quickTest" name="com.yousha.algo1.unionfind.UF_quickTest.testUnion" time="0"/>
  <testcase classname="com.yousha.algo1.unionfind.UF_quickTest" name="com.yousha.algo1.unionfind.UF_quickTest.testSetArray" time="0"/>
</testsuite>